<?xml version="1.0" encoding="UTF-8"?>
<!-- Generated by org.testng.reporters.JUnitReportReporter -->
<testsuite hostname="ahmads-Air.fios-router.home" failures="0" tests="2" name="PopupNFileUpload" time="23.736" errors="0" timestamp="04 Oct 2018 06:12:58 GMT" skipped="0">
  <testcase classname="PopupNFileUpload" name="rediffPopupTest" time="9.206"/>
  <testcase classname="PopupNFileUpload" name="fileUploadTest" time="14.530"/>
</testsuite> <!-- PopupNFileUpload -->
