<?xml version="1.0" encoding="UTF-8"?>
<!-- Generated by org.testng.reporters.JUnitReportReporter -->
<testsuite hostname="ahmads-Air.fios-router.home" failures="0" tests="7" name="com.datadriven.test.dataDrivenTest" time="35.015" errors="0" timestamp="15 Oct 2018 01:10:46 GMT" skipped="0">
  <testcase classname="com.datadriven.test.dataDrivenTest" name="discoverTittleTest" time="6.251"/>
  <testcase classname="com.datadriven.test.dataDrivenTest" name="discoverLoginTest" time="5.304"/>
  <testcase classname="com.datadriven.test.dataDrivenTest" name="discoverLoginTest" time="3.884"/>
  <testcase classname="com.datadriven.test.dataDrivenTest" name="discoverLoginTest" time="5.029"/>
  <testcase classname="com.datadriven.test.dataDrivenTest" name="discoverLoginTest" time="4.243"/>
  <testcase classname="com.datadriven.test.dataDrivenTest" name="discoverLoginTest" time="5.154"/>
  <testcase classname="com.datadriven.test.dataDrivenTest" name="discoverLoginTest" time="5.150"/>
</testsuite> <!-- com.datadriven.test.dataDrivenTest -->
