<?xml version="1.0" encoding="UTF-8"?>
<!-- Generated by org.testng.reporters.JUnitReportReporter -->
<testsuite hostname="ahmads-MacBook-Air.local" failures="0" tests="5" name="com.datadriven.test.dataProviderTest" time="21.377" errors="0" timestamp="17 May 2018 08:43:21 GMT" skipped="0">
  <testcase classname="com.datadriven.test.dataProviderTest" name="discoverLoginTest" time="3.352"/>
  <testcase classname="com.datadriven.test.dataProviderTest" name="discoverLoginTest" time="3.508"/>
  <testcase classname="com.datadriven.test.dataProviderTest" name="discoverLoginTest" time="7.463"/>
  <testcase classname="com.datadriven.test.dataProviderTest" name="discoverLoginTest" time="3.350"/>
  <testcase classname="com.datadriven.test.dataProviderTest" name="discoverLoginTest" time="3.704"/>
</testsuite> <!-- com.datadriven.test.dataProviderTest -->
