<?xml version="1.0" encoding="UTF-8"?>
<!-- Generated by org.testng.reporters.JUnitReportReporter -->
<testsuite hostname="ahmads-MacBook-Air.local" failures="0" tests="1" name="com.datadriven.test.databaseDrivenTest" time="0.498" errors="0" timestamp="17 May 2018 17:00:31 GMT" skipped="0">
  <testcase classname="com.datadriven.test.databaseDrivenTest" name="databaseTest" time="0.498"/>
</testsuite> <!-- com.datadriven.test.databaseDrivenTest -->
