<?xml version="1.0" encoding="UTF-8"?>
<!-- Generated by org.testng.reporters.JUnitReportReporter -->
<testsuite hostname="ahmads-MacBook-Air.local" failures="0" tests="5" name="GoogleTest" time="37.986" errors="0" timestamp="21 May 2018 05:45:43 GMT" skipped="0">
  <testcase classname="GoogleTest" name="googleBrokenLinksTest" time="24.241"/>
  <testcase classname="GoogleTest" name="googleTittleTest" time="2.183"/>
  <testcase classname="GoogleTest" name="googleLogoTest" time="2.806"/>
  <testcase classname="GoogleTest" name="gmailLinkTest" time="4.134"/>
  <testcase classname="GoogleTest" name="searchTest" time="4.622"/>
</testsuite> <!-- GoogleTest -->
