<?xml version="1.0" encoding="UTF-8"?>
<!-- Generated by org.testng.reporters.JUnitReportReporter -->
<testsuite hostname="ahmads-MacBook-Air.local" failures="0" tests="1" name="NewTest" time="0.027" errors="0" timestamp="09 May 2018 05:41:39 GMT" skipped="0">
  <testcase classname="NewTest" name="f" time="0.027"/>
</testsuite> <!-- NewTest -->
